vocabulary size: 223
n tunes: 26273
n train tunes: 24929.0
n validation tunes: 1344.0
min, max length 2 2000
Building the model
  number of parameters: 5872928
  layer output shapes:               #params:   output shape:
    InputLayer                       0          (64, None)
    EmbeddingLayer                   49729      (64, None, 223)
    InputLayer                       0          (64, None)
    LSTMLayer                        1508352    (64, None, 512)
    DropoutLayer                     0          (64, None, 512)
    LSTMLayer                        2100224    (64, None, 512)
    DropoutLayer                     0          (64, None, 512)
    LSTMLayer                        2100224    (64, None, 512)
    DropoutLayer                     0          (64, None, 512)
    ReshapeLayer                     0          (None, 512)
    DenseLayer                       114399     (None, 223)
Train model
Load metadata for resuming
Traceback (most recent call last):
  File "train_rnn.py", line 190, in <module>
    with open(config.resume_path) as f:
IOError: [Errno 2] No such file or directory: 'config5-24_oct_folkwiki_and_sessions_50_length_cap-20181024-210059.pkl'
